<?xml version="1.0" encoding="UTF-8"?>
<!-- Generated by org.testng.reporters.JUnitReportReporter -->
<testsuite hostname="BDC4B-D-DM7JH92" name="browser.Login" tests="1" failures="0" timestamp="26 Feb 2019 07:52:39 GMT" time="27.851" errors="0">
  <testcase name="loginPage" time="27.851" classname="browser.Login"/>
</testsuite> <!-- browser.Login -->
